1733289209.446730 client started (72575): version 3.5a, socket /private/tmp/tmux-501/default, protocol 8
1733289209.446843 on Darwin 23.6.0 Darwin Kernel Version 23.6.0: Wed Jul 31 20:49:46 PDT 2024; root:xnu-10063.141.1.700.5~1/RELEASE_ARM64_T8103
1733289209.446870 using libevent 2.1.12-stable select
1733289209.446916 using utf8proc 2.9.0
1733289209.446927 using ncurses 6.5 20240427
1733289209.446960 flags are 0x18010000
1733289209.446971 socket is /private/tmp/tmux-501/default
1733289209.446991 trying connect
1733289209.447076 add peer 0x138008000: 6 (0x0)
1733289209.452207 sending message 111 to peer 0x138008000 (8 bytes)
1733289209.452224 sending message 111 to peer 0x138008000 (8 bytes)
1733289209.452233 sending message 101 to peer 0x138008000 (15 bytes)
1733289209.452241 sending message 109 to peer 0x138008000 (4 bytes)
1733289209.452249 sending message 102 to peer 0x138008000 (13 bytes)
1733289209.452257 sending message 108 to peer 0x138008000 (35 bytes)
1733289209.452264 sending message 112 to peer 0x138008000 (58 bytes)
1733289209.452272 sending message 112 to peer 0x138008000 (5 bytes)
1733289209.452280 sending message 112 to peer 0x138008000 (5 bytes)
1733289209.452287 sending message 112 to peer 0x138008000 (6 bytes)
1733289209.452294 sending message 112 to peer 0x138008000 (6 bytes)
1733289209.452302 sending message 112 to peer 0x138008000 (11 bytes)
1733289209.452309 sending message 112 to peer 0x138008000 (10 bytes)
1733289209.452317 sending message 112 to peer 0x138008000 (13 bytes)
1733289209.452324 sending message 112 to peer 0x138008000 (14 bytes)
1733289209.452332 sending message 112 to peer 0x138008000 (19 bytes)
1733289209.452339 sending message 112 to peer 0x138008000 (11 bytes)
1733289209.452347 sending message 112 to peer 0x138008000 (10 bytes)
1733289209.452354 sending message 112 to peer 0x138008000 (15 bytes)
1733289209.452361 sending message 112 to peer 0x138008000 (21 bytes)
1733289209.452369 sending message 112 to peer 0x138008000 (13 bytes)
1733289209.452376 sending message 112 to peer 0x138008000 (7 bytes)
1733289209.452384 sending message 112 to peer 0x138008000 (13 bytes)
1733289209.452391 sending message 112 to peer 0x138008000 (7 bytes)
1733289209.452398 sending message 112 to peer 0x138008000 (13 bytes)
1733289209.452406 sending message 112 to peer 0x138008000 (9 bytes)
1733289209.452413 sending message 112 to peer 0x138008000 (21 bytes)
1733289209.452421 sending message 112 to peer 0x138008000 (13 bytes)
1733289209.452428 sending message 112 to peer 0x138008000 (9 bytes)
1733289209.452436 sending message 112 to peer 0x138008000 (16 bytes)
1733289209.452443 sending message 112 to peer 0x138008000 (13 bytes)
1733289209.452451 sending message 112 to peer 0x138008000 (9 bytes)
1733289209.452458 sending message 112 to peer 0x138008000 (9 bytes)
1733289209.452466 sending message 112 to peer 0x138008000 (12 bytes)
1733289209.452473 sending message 112 to peer 0x138008000 (8 bytes)
1733289209.452481 sending message 112 to peer 0x138008000 (8 bytes)
1733289209.452488 sending message 112 to peer 0x138008000 (13 bytes)
1733289209.452496 sending message 112 to peer 0x138008000 (7 bytes)
1733289209.452503 sending message 112 to peer 0x138008000 (7 bytes)
1733289209.452511 sending message 112 to peer 0x138008000 (9 bytes)
1733289209.452518 sending message 112 to peer 0x138008000 (9 bytes)
1733289209.452526 sending message 112 to peer 0x138008000 (15 bytes)
1733289209.452533 sending message 112 to peer 0x138008000 (13 bytes)
1733289209.452541 sending message 112 to peer 0x138008000 (12 bytes)
1733289209.452548 sending message 112 to peer 0x138008000 (8 bytes)
1733289209.452556 sending message 112 to peer 0x138008000 (14 bytes)
1733289209.452563 sending message 112 to peer 0x138008000 (11 bytes)
1733289209.452571 sending message 112 to peer 0x138008000 (9 bytes)
1733289209.452578 sending message 112 to peer 0x138008000 (10 bytes)
1733289209.452586 sending message 112 to peer 0x138008000 (10 bytes)
1733289209.452593 sending message 112 to peer 0x138008000 (10 bytes)
1733289209.452600 sending message 112 to peer 0x138008000 (10 bytes)
1733289209.452626 sending message 112 to peer 0x138008000 (11 bytes)
1733289209.452631 sending message 112 to peer 0x138008000 (12 bytes)
1733289209.452636 sending message 112 to peer 0x138008000 (12 bytes)
1733289209.452641 sending message 112 to peer 0x138008000 (12 bytes)
1733289209.452646 sending message 112 to peer 0x138008000 (12 bytes)
1733289209.452651 sending message 112 to peer 0x138008000 (12 bytes)
1733289209.452656 sending message 112 to peer 0x138008000 (11 bytes)
1733289209.452661 sending message 112 to peer 0x138008000 (11 bytes)
1733289209.452666 sending message 112 to peer 0x138008000 (12 bytes)
1733289209.452670 sending message 112 to peer 0x138008000 (12 bytes)
1733289209.452675 sending message 112 to peer 0x138008000 (12 bytes)
1733289209.452680 sending message 112 to peer 0x138008000 (12 bytes)
1733289209.452685 sending message 112 to peer 0x138008000 (12 bytes)
1733289209.452690 sending message 112 to peer 0x138008000 (9 bytes)
1733289209.452695 sending message 112 to peer 0x138008000 (12 bytes)
1733289209.452699 sending message 112 to peer 0x138008000 (13 bytes)
1733289209.452704 sending message 112 to peer 0x138008000 (13 bytes)
1733289209.452709 sending message 112 to peer 0x138008000 (13 bytes)
1733289209.452714 sending message 112 to peer 0x138008000 (13 bytes)
1733289209.452719 sending message 112 to peer 0x138008000 (13 bytes)
1733289209.452724 sending message 112 to peer 0x138008000 (8 bytes)
1733289209.452729 sending message 112 to peer 0x138008000 (11 bytes)
1733289209.452733 sending message 112 to peer 0x138008000 (11 bytes)
1733289209.452738 sending message 112 to peer 0x138008000 (11 bytes)
1733289209.452743 sending message 112 to peer 0x138008000 (12 bytes)
1733289209.452748 sending message 112 to peer 0x138008000 (12 bytes)
1733289209.452753 sending message 112 to peer 0x138008000 (12 bytes)
1733289209.452758 sending message 112 to peer 0x138008000 (12 bytes)
1733289209.452762 sending message 112 to peer 0x138008000 (13 bytes)
1733289209.452767 sending message 112 to peer 0x138008000 (13 bytes)
1733289209.452772 sending message 112 to peer 0x138008000 (13 bytes)
1733289209.452777 sending message 112 to peer 0x138008000 (8 bytes)
1733289209.452782 sending message 112 to peer 0x138008000 (13 bytes)
1733289209.452787 sending message 112 to peer 0x138008000 (13 bytes)
1733289209.452792 sending message 112 to peer 0x138008000 (13 bytes)
1733289209.452796 sending message 112 to peer 0x138008000 (13 bytes)
1733289209.452801 sending message 112 to peer 0x138008000 (13 bytes)
1733289209.452806 sending message 112 to peer 0x138008000 (12 bytes)
1733289209.452811 sending message 112 to peer 0x138008000 (12 bytes)
1733289209.452816 sending message 112 to peer 0x138008000 (12 bytes)
1733289209.452821 sending message 112 to peer 0x138008000 (12 bytes)
1733289209.452826 sending message 112 to peer 0x138008000 (13 bytes)
1733289209.452831 sending message 112 to peer 0x138008000 (8 bytes)
1733289209.452835 sending message 112 to peer 0x138008000 (13 bytes)
1733289209.452840 sending message 112 to peer 0x138008000 (13 bytes)
1733289209.452845 sending message 112 to peer 0x138008000 (13 bytes)
1733289209.452850 sending message 112 to peer 0x138008000 (13 bytes)
1733289209.452855 sending message 112 to peer 0x138008000 (13 bytes)
1733289209.452860 sending message 112 to peer 0x138008000 (13 bytes)
1733289209.452865 sending message 112 to peer 0x138008000 (13 bytes)
1733289209.452870 sending message 112 to peer 0x138008000 (12 bytes)
1733289209.452874 sending message 112 to peer 0x138008000 (12 bytes)
1733289209.452879 sending message 112 to peer 0x138008000 (12 bytes)
1733289209.452884 sending message 112 to peer 0x138008000 (8 bytes)
1733289209.452889 sending message 112 to peer 0x138008000 (12 bytes)
1733289209.452894 sending message 112 to peer 0x138008000 (13 bytes)
1733289209.452898 sending message 112 to peer 0x138008000 (13 bytes)
1733289209.452903 sending message 112 to peer 0x138008000 (13 bytes)
1733289209.452908 sending message 112 to peer 0x138008000 (13 bytes)
1733289209.452927 sending message 112 to peer 0x138008000 (13 bytes)
1733289209.452932 sending message 112 to peer 0x138008000 (13 bytes)
1733289209.452937 sending message 112 to peer 0x138008000 (13 bytes)
1733289209.452942 sending message 112 to peer 0x138008000 (13 bytes)
1733289209.452947 sending message 112 to peer 0x138008000 (12 bytes)
1733289209.452952 sending message 112 to peer 0x138008000 (10 bytes)
1733289209.452956 sending message 112 to peer 0x138008000 (12 bytes)
1733289209.452961 sending message 112 to peer 0x138008000 (12 bytes)
1733289209.452966 sending message 112 to peer 0x138008000 (12 bytes)
1733289209.452971 sending message 112 to peer 0x138008000 (13 bytes)
1733289209.452976 sending message 112 to peer 0x138008000 (13 bytes)
1733289209.452981 sending message 112 to peer 0x138008000 (13 bytes)
1733289209.452986 sending message 112 to peer 0x138008000 (13 bytes)
1733289209.452991 sending message 112 to peer 0x138008000 (13 bytes)
1733289209.452996 sending message 112 to peer 0x138008000 (13 bytes)
1733289209.453000 sending message 112 to peer 0x138008000 (13 bytes)
1733289209.453005 sending message 112 to peer 0x138008000 (10 bytes)
1733289209.453010 sending message 112 to peer 0x138008000 (13 bytes)
1733289209.453015 sending message 112 to peer 0x138008000 (12 bytes)
1733289209.453020 sending message 112 to peer 0x138008000 (12 bytes)
1733289209.453025 sending message 112 to peer 0x138008000 (12 bytes)
1733289209.453029 sending message 112 to peer 0x138008000 (10 bytes)
1733289209.453034 sending message 112 to peer 0x138008000 (10 bytes)
1733289209.453039 sending message 112 to peer 0x138008000 (10 bytes)
1733289209.453044 sending message 112 to peer 0x138008000 (12 bytes)
1733289209.453049 sending message 112 to peer 0x138008000 (13 bytes)
1733289209.453054 sending message 112 to peer 0x138008000 (13 bytes)
1733289209.453058 sending message 112 to peer 0x138008000 (13 bytes)
1733289209.453063 sending message 112 to peer 0x138008000 (13 bytes)
1733289209.453068 sending message 112 to peer 0x138008000 (13 bytes)
1733289209.453073 sending message 112 to peer 0x138008000 (10 bytes)
1733289209.453078 sending message 112 to peer 0x138008000 (11 bytes)
1733289209.453083 sending message 112 to peer 0x138008000 (12 bytes)
1733289209.453088 sending message 112 to peer 0x138008000 (12 bytes)
1733289209.453093 sending message 112 to peer 0x138008000 (12 bytes)
1733289209.453097 sending message 112 to peer 0x138008000 (12 bytes)
1733289209.453102 sending message 112 to peer 0x138008000 (12 bytes)
1733289209.453107 sending message 112 to peer 0x138008000 (11 bytes)
1733289209.453112 sending message 112 to peer 0x138008000 (12 bytes)
1733289209.453117 sending message 112 to peer 0x138008000 (12 bytes)
1733289209.453122 sending message 112 to peer 0x138008000 (13 bytes)
1733289209.453126 sending message 112 to peer 0x138008000 (13 bytes)
1733289209.453131 sending message 112 to peer 0x138008000 (13 bytes)
1733289209.453136 sending message 112 to peer 0x138008000 (13 bytes)
1733289209.453141 sending message 112 to peer 0x138008000 (13 bytes)
1733289209.453146 sending message 112 to peer 0x138008000 (10 bytes)
1733289209.453151 sending message 112 to peer 0x138008000 (9 bytes)
1733289209.453156 sending message 112 to peer 0x138008000 (12 bytes)
1733289209.453161 sending message 112 to peer 0x138008000 (13 bytes)
1733289209.453166 sending message 112 to peer 0x138008000 (13 bytes)
1733289209.453170 sending message 112 to peer 0x138008000 (13 bytes)
1733289209.453175 sending message 112 to peer 0x138008000 (13 bytes)
1733289209.453180 sending message 112 to peer 0x138008000 (13 bytes)
1733289209.453185 sending message 112 to peer 0x138008000 (9 bytes)
1733289209.453190 sending message 112 to peer 0x138008000 (12 bytes)
1733289209.453195 sending message 112 to peer 0x138008000 (13 bytes)
1733289209.453200 sending message 112 to peer 0x138008000 (13 bytes)
1733289209.453205 sending message 112 to peer 0x138008000 (13 bytes)
1733289209.453209 sending message 112 to peer 0x138008000 (13 bytes)
1733289209.453214 sending message 112 to peer 0x138008000 (13 bytes)
1733289209.453228 sending message 112 to peer 0x138008000 (11 bytes)
1733289209.453233 sending message 112 to peer 0x138008000 (12 bytes)
1733289209.453238 sending message 112 to peer 0x138008000 (13 bytes)
1733289209.453243 sending message 112 to peer 0x138008000 (13 bytes)
1733289209.453248 sending message 112 to peer 0x138008000 (13 bytes)
1733289209.453253 sending message 112 to peer 0x138008000 (13 bytes)
1733289209.453257 sending message 112 to peer 0x138008000 (13 bytes)
1733289209.453262 sending message 112 to peer 0x138008000 (11 bytes)
1733289209.453267 sending message 112 to peer 0x138008000 (12 bytes)
1733289209.453272 sending message 112 to peer 0x138008000 (12 bytes)
1733289209.453277 sending message 112 to peer 0x138008000 (12 bytes)
1733289209.453282 sending message 112 to peer 0x138008000 (12 bytes)
1733289209.453286 sending message 112 to peer 0x138008000 (12 bytes)
1733289209.453291 sending message 112 to peer 0x138008000 (21 bytes)
1733289209.453296 sending message 112 to peer 0x138008000 (12 bytes)
1733289209.453301 sending message 112 to peer 0x138008000 (9 bytes)
1733289209.453306 sending message 112 to peer 0x138008000 (6 bytes)
1733289209.453311 sending message 112 to peer 0x138008000 (13 bytes)
1733289209.453316 sending message 112 to peer 0x138008000 (10 bytes)
1733289209.453321 sending message 112 to peer 0x138008000 (15 bytes)
1733289209.453326 sending message 112 to peer 0x138008000 (13 bytes)
1733289209.453331 sending message 112 to peer 0x138008000 (9 bytes)
1733289209.453335 sending message 112 to peer 0x138008000 (70 bytes)
1733289209.453340 sending message 112 to peer 0x138008000 (69 bytes)
1733289209.453345 sending message 112 to peer 0x138008000 (73 bytes)
1733289209.453350 sending message 112 to peer 0x138008000 (12 bytes)
1733289209.453355 sending message 112 to peer 0x138008000 (10 bytes)
1733289209.453360 sending message 112 to peer 0x138008000 (10 bytes)
1733289209.453365 sending message 112 to peer 0x138008000 (15 bytes)
1733289209.453370 sending message 112 to peer 0x138008000 (13 bytes)
1733289209.453374 sending message 112 to peer 0x138008000 (10 bytes)
1733289209.453379 sending message 112 to peer 0x138008000 (10 bytes)
1733289209.453384 sending message 112 to peer 0x138008000 (17 bytes)
1733289209.453389 sending message 112 to peer 0x138008000 (13 bytes)
1733289209.453394 sending message 112 to peer 0x138008000 (15 bytes)
1733289209.453399 sending message 112 to peer 0x138008000 (5 bytes)
1733289209.453412 sending message 104 to peer 0x138008000 (0 bytes)
1733289209.453418 sending message 110 to peer 0x138008000 (0 bytes)
1733289209.453423 sending message 107 to peer 0x138008000 (4 bytes)
1733289209.453428 sending message 105 to peer 0x138008000 (60 bytes)
1733289209.453433 sending message 105 to peer 0x138008000 (66 bytes)
1733289209.453438 sending message 105 to peer 0x138008000 (27 bytes)
1733289209.453443 sending message 105 to peer 0x138008000 (15 bytes)
1733289209.453448 sending message 105 to peer 0x138008000 (22 bytes)
1733289209.453453 sending message 105 to peer 0x138008000 (14 bytes)
1733289209.453457 sending message 105 to peer 0x138008000 (17 bytes)
1733289209.453462 sending message 105 to peer 0x138008000 (39 bytes)
1733289209.453467 sending message 105 to peer 0x138008000 (15 bytes)
1733289209.453472 sending message 105 to peer 0x138008000 (43 bytes)
1733289209.453477 sending message 105 to peer 0x138008000 (24 bytes)
1733289209.453482 sending message 105 to peer 0x138008000 (44 bytes)
1733289209.453487 sending message 105 to peer 0x138008000 (28 bytes)
1733289209.453492 sending message 105 to peer 0x138008000 (23 bytes)
1733289209.453497 sending message 105 to peer 0x138008000 (957 bytes)
1733289209.453502 sending message 105 to peer 0x138008000 (95 bytes)
1733289209.453507 sending message 105 to peer 0x138008000 (19 bytes)
1733289209.453512 sending message 105 to peer 0x138008000 (20 bytes)
1733289209.453517 sending message 105 to peer 0x138008000 (22 bytes)
1733289209.453522 sending message 105 to peer 0x138008000 (20 bytes)
1733289209.453554 sending message 105 to peer 0x138008000 (86 bytes)
1733289209.453559 sending message 105 to peer 0x138008000 (27 bytes)
1733289209.453564 sending message 105 to peer 0x138008000 (57 bytes)
1733289209.453569 sending message 105 to peer 0x138008000 (20 bytes)
1733289209.453584 sending message 105 to peer 0x138008000 (19 bytes)
1733289209.453589 sending message 105 to peer 0x138008000 (23 bytes)
1733289209.453594 sending message 105 to peer 0x138008000 (54 bytes)
1733289209.453599 sending message 105 to peer 0x138008000 (32 bytes)
1733289209.453604 sending message 105 to peer 0x138008000 (61 bytes)
1733289209.453609 sending message 105 to peer 0x138008000 (8 bytes)
1733289209.453614 sending message 105 to peer 0x138008000 (39 bytes)
1733289209.453619 sending message 105 to peer 0x138008000 (30 bytes)
1733289209.453624 sending message 105 to peer 0x138008000 (37 bytes)
1733289209.453650 sending message 105 to peer 0x138008000 (34 bytes)
1733289209.453655 sending message 105 to peer 0x138008000 (35 bytes)
1733289209.453660 sending message 105 to peer 0x138008000 (35 bytes)
1733289209.453665 sending message 105 to peer 0x138008000 (16 bytes)
1733289209.453670 sending message 105 to peer 0x138008000 (62 bytes)
1733289209.453675 sending message 105 to peer 0x138008000 (71 bytes)
1733289209.453680 sending message 105 to peer 0x138008000 (45 bytes)
1733289209.453685 sending message 105 to peer 0x138008000 (12 bytes)
1733289209.453689 sending message 105 to peer 0x138008000 (54 bytes)
1733289209.453694 sending message 105 to peer 0x138008000 (46 bytes)
1733289209.453699 sending message 105 to peer 0x138008000 (98 bytes)
1733289209.453704 sending message 105 to peer 0x138008000 (47 bytes)
1733289209.453709 sending message 105 to peer 0x138008000 (48 bytes)
1733289209.453714 sending message 105 to peer 0x138008000 (57 bytes)
1733289209.453719 sending message 105 to peer 0x138008000 (53 bytes)
1733289209.453724 sending message 105 to peer 0x138008000 (35 bytes)
1733289209.453729 sending message 105 to peer 0x138008000 (19 bytes)
1733289209.453734 sending message 105 to peer 0x138008000 (38 bytes)
1733289209.453739 sending message 105 to peer 0x138008000 (25 bytes)
1733289209.453743 sending message 106 to peer 0x138008000 (0 bytes)
1733289209.453847 sending message 200 to peer 0x138008000 (4 bytes)
1733289209.453855 client loop enter
1733289209.457315 peer 0x138008000 message 207
1733289209.457326 sending message 208 to peer 0x138008000 (0 bytes)
1733289213.290847 peer 0x138008000 message 201
1733289213.290957 sending message 205 to peer 0x138008000 (0 bytes)
1733289213.292008 peer 0x138008000 message 204
1733289213.292067 client loop exit
